<?xml version="1.0" encoding="UTF-8"?>
<!-- Generated by org.testng.reporters.JUnitReportReporter -->
<testsuite hostname="Muhammads-MacBook-Air.local" failures="3" tests="17" name="com.psikotestonline.webadmin.testing.steps.TestRunner" time="346.493" errors="1" timestamp="2022-09-19T10:53:11 WIB" skipped="0">
  <testcase classname="com.psikotestonline.webadmin.testing.steps.TestRunner" name="runScenario" time="14.115"/>
  <system-out/>
  <testcase classname="com.psikotestonline.webadmin.testing.steps.TestRunner" name="runScenario" time="19.387">
    <error message="no such element: Unable to locate element: {&quot;method&quot;:&quot;xpath&quot;,&quot;selector&quot;:&quot;//span[normalize-space()=&#039;DEVELOPER&#039;]&quot;}
  (Session info: chrome=105.0.5195.125)
For documentation on this error, please visit: https://www.seleniumhq.org/exceptions/no_such_element.html
Build info: version: &#039;3.141.59&#039;, revision: &#039;e82be7d358&#039;, time: &#039;2018-11-14T08:17:03&#039;
System info: host: &#039;Muhammads-MacBook-Air.local&#039;, ip: &#039;2001:448a:2061:598:81f4:e6fd:4d7c:b491%en0&#039;, os.name: &#039;Mac OS X&#039;, os.arch: &#039;aarch64&#039;, os.version: &#039;12.5&#039;, java.version: &#039;17.0.2&#039;
Driver info: org.openqa.selenium.chrome.ChromeDriver
Capabilities {acceptInsecureCerts: false, browserName: chrome, browserVersion: 105.0.5195.125, chrome: {chromedriverVersion: 105.0.5195.52 (412c95e51883..., userDataDir: /var/folders/9_/2vjr42hx0_1...}, goog:chromeOptions: {debuggerAddress: localhost:57899}, javascriptEnabled: true, networkConnectionEnabled: false, pageLoadStrategy: normal, platform: MAC, platformName: MAC, proxy: Proxy(), setWindowRect: true, strictFileInteractability: false, timeouts: {implicit: 0, pageLoad: 300000, script: 30000}, unhandledPromptBehavior: dismiss and notify, webauthn:extension:credBlob: true, webauthn:extension:largeBlob: true, webauthn:virtualAuthenticators: true}
Session ID: a408fede102d8995c79fc9133747e7d5
*** Element info: {Using=xpath, value=//span[normalize-space()=&#039;DEVELOPER&#039;]}" type="org.openqa.selenium.NoSuchElementException">
      <![CDATA[org.openqa.selenium.NoSuchElementException: no such element: Unable to locate element: {"method":"xpath","selector":"//span[normalize-space()='DEVELOPER']"}
  (Session info: chrome=105.0.5195.125)
For documentation on this error, please visit: https://www.seleniumhq.org/exceptions/no_such_element.html
Build info: version: '3.141.59', revision: 'e82be7d358', time: '2018-11-14T08:17:03'
System info: host: 'Muhammads-MacBook-Air.local', ip: '2001:448a:2061:598:81f4:e6fd:4d7c:b491%en0', os.name: 'Mac OS X', os.arch: 'aarch64', os.version: '12.5', java.version: '17.0.2'
Driver info: org.openqa.selenium.chrome.ChromeDriver
Capabilities {acceptInsecureCerts: false, browserName: chrome, browserVersion: 105.0.5195.125, chrome: {chromedriverVersion: 105.0.5195.52 (412c95e51883..., userDataDir: /var/folders/9_/2vjr42hx0_1...}, goog:chromeOptions: {debuggerAddress: localhost:57899}, javascriptEnabled: true, networkConnectionEnabled: false, pageLoadStrategy: normal, platform: MAC, platformName: MAC, proxy: Proxy(), setWindowRect: true, strictFileInteractability: false, timeouts: {implicit: 0, pageLoad: 300000, script: 30000}, unhandledPromptBehavior: dismiss and notify, webauthn:extension:credBlob: true, webauthn:extension:largeBlob: true, webauthn:virtualAuthenticators: true}
Session ID: a408fede102d8995c79fc9133747e7d5
*** Element info: {Using=xpath, value=//span[normalize-space()='DEVELOPER']}
at java.base/jdk.internal.reflect.NativeConstructorAccessorImpl.newInstance0(Native Method)
at java.base/jdk.internal.reflect.NativeConstructorAccessorImpl.newInstance(NativeConstructorAccessorImpl.java:77)
at java.base/jdk.internal.reflect.DelegatingConstructorAccessorImpl.newInstance(DelegatingConstructorAccessorImpl.java:45)
at java.base/java.lang.reflect.Constructor.newInstanceWithCaller(Constructor.java:499)
at java.base/java.lang.reflect.Constructor.newInstance(Constructor.java:480)
at org.openqa.selenium.remote.http.W3CHttpResponseCodec.createException(W3CHttpResponseCodec.java:187)
at org.openqa.selenium.remote.http.W3CHttpResponseCodec.decode(W3CHttpResponseCodec.java:122)
at org.openqa.selenium.remote.http.W3CHttpResponseCodec.decode(W3CHttpResponseCodec.java:49)
at org.openqa.selenium.remote.HttpCommandExecutor.execute(HttpCommandExecutor.java:158)
at org.openqa.selenium.remote.service.DriverCommandExecutor.execute(DriverCommandExecutor.java:83)
at org.openqa.selenium.remote.RemoteWebDriver.execute(RemoteWebDriver.java:552)
at org.openqa.selenium.remote.RemoteWebDriver.findElement(RemoteWebDriver.java:323)
at org.openqa.selenium.remote.RemoteWebDriver.findElementByXPath(RemoteWebDriver.java:428)
at org.openqa.selenium.By$ByXPath.findElement(By.java:353)
at org.openqa.selenium.remote.RemoteWebDriver.findElement(RemoteWebDriver.java:315)
at org.openqa.selenium.support.pagefactory.DefaultElementLocator.findElement(DefaultElementLocator.java:69)
at org.openqa.selenium.support.pagefactory.internal.LocatingElementHandler.invoke(LocatingElementHandler.java:38)
at jdk.proxy2/jdk.proxy2.$Proxy25.click(Unknown Source)
at com.psikotestonline.webadmin.testing.pages.Logout.logout(Logout.java:29)
at com.psikotestonline.webadmin.testing.steps.TestLogout.logoutAccountAdmin(TestLogout.java:54)
at ✽.click button profile for logout admin(file:///Users/muhammadbaihaqy/eclipse-workspace/com.psikotestonline.webadmin.testing/src/test/resources/features/04.Logout.feature:10)
]]>
    </error>
  </testcase> <!-- runScenario -->
  <system-out/>
  <testcase classname="com.psikotestonline.webadmin.testing.steps.TestRunner" name="runScenario" time="5.168"/>
  <system-out/>
  <testcase classname="com.psikotestonline.webadmin.testing.steps.TestRunner" name="runScenario" time="6.158">
    <failure message="expected [true] but found [false]" type="java.lang.AssertionError">
      <![CDATA[java.lang.AssertionError: expected [true] but found [false]
at org.testng.Assert.fail(Assert.java:110)
at org.testng.Assert.failNotEquals(Assert.java:1413)
at org.testng.Assert.assertTrue(Assert.java:56)
at org.testng.Assert.assertTrue(Assert.java:66)
at com.psikotestonline.webadmin.testing.steps.TestLoginAdmin.validateGreeting(TestLoginAdmin.java:49)
at ✽.appear popup greeting "Username atau password" in auth admin(file:///Users/muhammadbaihaqy/eclipse-workspace/com.psikotestonline.webadmin.testing/src/test/resources/features/02.TestLoginAdmin.feature:13)
]]>
    </failure>
  </testcase> <!-- runScenario -->
  <system-out/>
  <testcase classname="com.psikotestonline.webadmin.testing.steps.TestRunner" name="runScenario" time="5.150"/>
  <system-out/>
  <testcase classname="com.psikotestonline.webadmin.testing.steps.TestRunner" name="runScenario" time="4.769"/>
  <system-out/>
  <testcase classname="com.psikotestonline.webadmin.testing.steps.TestRunner" name="runScenario" time="10.119"/>
  <system-out/>
  <testcase classname="com.psikotestonline.webadmin.testing.steps.TestRunner" name="runScenario" time="11.411"/>
  <system-out/>
  <testcase classname="com.psikotestonline.webadmin.testing.steps.TestRunner" name="runScenario" time="5.099"/>
  <system-out/>
  <testcase classname="com.psikotestonline.webadmin.testing.steps.TestRunner" name="runScenario" time="218.796"/>
  <system-out/>
  <testcase classname="com.psikotestonline.webadmin.testing.steps.TestRunner" name="runScenario" time="5.546">
    <failure message="expected [true] but found [false]" type="java.lang.AssertionError">
      <![CDATA[java.lang.AssertionError: expected [true] but found [false]
at org.testng.Assert.fail(Assert.java:110)
at org.testng.Assert.failNotEquals(Assert.java:1413)
at org.testng.Assert.assertTrue(Assert.java:56)
at org.testng.Assert.assertTrue(Assert.java:66)
at com.psikotestonline.webadmin.testing.steps.TestLoginAdmin.validateGreeting(TestLoginAdmin.java:49)
at ✽.appear popup greeting "Username atau password" in auth admin(file:///Users/muhammadbaihaqy/eclipse-workspace/com.psikotestonline.webadmin.testing/src/test/resources/features/02.TestLoginAdmin.feature:31)
]]>
    </failure>
  </testcase> <!-- runScenario -->
  <system-out/>
  <testcase classname="com.psikotestonline.webadmin.testing.steps.TestRunner" name="runScenario" time="5.380"/>
  <system-out/>
  <testcase classname="com.psikotestonline.webadmin.testing.steps.TestRunner" name="runScenario" time="4.771"/>
  <system-out/>
  <testcase classname="com.psikotestonline.webadmin.testing.steps.TestRunner" name="runScenario" time="5.155"/>
  <system-out/>
  <testcase classname="com.psikotestonline.webadmin.testing.steps.TestRunner" name="runScenario" time="6.079">
    <failure message="expected [true] but found [false]" type="java.lang.AssertionError">
      <![CDATA[java.lang.AssertionError: expected [true] but found [false]
at org.testng.Assert.fail(Assert.java:110)
at org.testng.Assert.failNotEquals(Assert.java:1413)
at org.testng.Assert.assertTrue(Assert.java:56)
at org.testng.Assert.assertTrue(Assert.java:66)
at com.psikotestonline.webadmin.testing.steps.TestLogin.validateGreeting(TestLogin.java:50)
at ✽.appear popup greeting "Username atau password"(file:///Users/muhammadbaihaqy/eclipse-workspace/com.psikotestonline.webadmin.testing/src/test/resources/features/01.Login.feature:13)
]]>
    </failure>
  </testcase> <!-- runScenario -->
  <system-out/>
  <testcase classname="com.psikotestonline.webadmin.testing.steps.TestRunner" name="runScenario" time="14.141"/>
  <system-out/>
  <testcase classname="com.psikotestonline.webadmin.testing.steps.TestRunner" name="runScenario" time="5.249"/>
  <system-out/>
</testsuite> <!-- com.psikotestonline.webadmin.testing.steps.TestRunner -->
